====================:	20130104
====================:	20130107
====================:	20130108
====================:	20130109
====================:	20130110
====================:	20130111
====================:	20130114
====================:	20130115
['000005', 2.92, 342400, 1]
====================:	20130116
====================:	20130117
====================:	20130118
====================:	20130121
====================:	20130122
====================:	20130123
====================:	20130124
====================:	20130125
====================:	20130128
====================:	20130129
====================:	20130130
====================:	20130131
====================:	20130201
['000005', 3.13, 342400L, -1]
====================:	20130204
====================:	20130205
====================:	20130206
====================:	20130207
====================:	20130208
====================:	20130218
====================:	20130219
====================:	20130220
====================:	20130221
====================:	20130222
====================:	20130225
====================:	20130226
====================:	20130227
====================:	20130228
====================:	20130301
====================:	20130304
====================:	20130305
====================:	20130306
====================:	20130307
====================:	20130308
====================:	20130311
====================:	20130312
====================:	20130313
====================:	20130314
====================:	20130315
====================:	20130318
====================:	20130319
====================:	20130320
====================:	20130321
====================:	20130322
====================:	20130325
====================:	20130326
====================:	20130327
====================:	20130328
====================:	20130329
====================:	20130401
====================:	20130402
====================:	20130403
====================:	20130408
====================:	20130409
====================:	20130410
====================:	20130411
====================:	20130412
['000005', 2.8, 382400, 1]
====================:	20130415
====================:	20130416
====================:	20130417
====================:	20130418
====================:	20130419
====================:	20130422
====================:	20130423
====================:	20130424
====================:	20130425
====================:	20130426
====================:	20130502
====================:	20130503
====================:	20130506
====================:	20130507
====================:	20130508
====================:	20130509
====================:	20130510
====================:	20130513
====================:	20130514
====================:	20130515
====================:	20130516
====================:	20130517
====================:	20130520
====================:	20130521
====================:	20130522
====================:	20130523
====================:	20130524
====================:	20130527
====================:	20130528
====================:	20130529
====================:	20130530
====================:	20130531
====================:	20130603
====================:	20130604
====================:	20130605
['000005', 2.71, 382400L, -1]
====================:	20130606
====================:	20130607
====================:	20130613
====================:	20130614
====================:	20130617
====================:	20130618
====================:	20130619
====================:	20130620
====================:	20130621
====================:	20130624
['000005', 2.43, 426000, 1]
====================:	20130625
====================:	20130626
====================:	20130627
====================:	20130628
['000005', 2.26, 426000L, -1]
====================:	20130701
['000005', 2.27, 423700, 1]
====================:	20130702
====================:	20130703
====================:	20130704
['000005', 2.22, 423700L, -1]
====================:	20130705
['000005', 2.26, 415800, 1]
====================:	20130708
====================:	20130709
['000005', 2.17, 415800L, -1]
====================:	20130710
====================:	20130711
['000005', 2.24, 402400, 1]
====================:	20130712
====================:	20130715
['000005', 2.28, 402400L, -1]
====================:	20130716
====================:	20130717
====================:	20130718
====================:	20130719
====================:	20130722
====================:	20130723
['000005', 2.22, 412900, 1]
====================:	20130724
====================:	20130725
====================:	20130726
====================:	20130729
====================:	20130730
['000005', 2.18, 412900L, -1]
====================:	20130731
====================:	20130801
====================:	20130802
====================:	20130805
====================:	20130806
====================:	20130807
====================:	20130808
====================:	20130809
====================:	20130812
====================:	20130813
['000005', 2.3, 390900, 1]
====================:	20130814
====================:	20130815
====================:	20130816
====================:	20130819
====================:	20130820
====================:	20130821
====================:	20130822
====================:	20130823
====================:	20130826
====================:	20130827
====================:	20130828
====================:	20130829
====================:	20130830
====================:	20130902
====================:	20130903
['000005', 2.48, 390900L, -1]
====================:	20130904
====================:	20130905
====================:	20130906
====================:	20130909
====================:	20130910
====================:	20130911
['000005', 2.57, 376800, 1]
====================:	20130912
====================:	20130913
====================:	20130916
====================:	20130917
['000005', 2.61, 376800L, -1]
====================:	20130918
====================:	20130923
====================:	20130924
====================:	20130925
====================:	20130926
====================:	20130927
====================:	20130930
====================:	20131008
====================:	20131009
['000005', 2.5, 393000, 1]
====================:	20131010
====================:	20131011
====================:	20131014
['000005', 2.78, 393000L, -1]
====================:	20131015
====================:	20131016
====================:	20131017
====================:	20131018
====================:	20131021
====================:	20131022
====================:	20131023
====================:	20131024
====================:	20131025
====================:	20131028
====================:	20131029
====================:	20131030
['000005', 2.65, 411900, 1]
====================:	20131031
====================:	20131101
====================:	20131104
====================:	20131105
====================:	20131106
====================:	20131107
====================:	20131108
====================:	20131111
['000005', 2.58, 411900L, -1]
====================:	20131112
====================:	20131113
====================:	20131114
====================:	20131115
====================:	20131118
====================:	20131119
====================:	20131120
====================:	20131121
====================:	20131122
====================:	20131125
====================:	20131126
====================:	20131127
====================:	20131128
====================:	20131129
====================:	20131202
====================:	20131203
====================:	20131204
====================:	20131205
====================:	20131206
====================:	20131209
====================:	20131210
====================:	20131211
====================:	20131212
====================:	20131213
====================:	20131216
====================:	20131217
====================:	20131218
====================:	20131219
====================:	20131220
====================:	20131223
====================:	20131224
====================:	20131225
====================:	20131226
====================:	20131227
====================:	20131230
====================:	20131231
====================:	20140102
====================:	20140103
====================:	20140106
====================:	20140107
====================:	20140108
====================:	20140109
====================:	20140110
====================:	20140113
====================:	20140114
====================:	20140115
====================:	20140116
====================:	20140117
====================:	20140120
====================:	20140121
====================:	20140122
====================:	20140123
====================:	20140124
====================:	20140127
====================:	20140128
====================:	20140129
====================:	20140130
====================:	20140207
====================:	20140210
====================:	20140211
====================:	20140212
====================:	20140213
====================:	20140214
====================:	20140217
====================:	20140218
====================:	20140219
====================:	20140220
====================:	20140221
====================:	20140224
====================:	20140225
====================:	20140226
====================:	20140227
====================:	20140228
====================:	20140303
====================:	20140304
['000005', 2.43, 436900, 1]
====================:	20140305
====================:	20140306
====================:	20140307
====================:	20140310
====================:	20140311
['000005', 2.27, 436900L, -1]
====================:	20140312
====================:	20140313
====================:	20140314
====================:	20140317
====================:	20140318
====================:	20140319
====================:	20140320
====================:	20140321
====================:	20140324
['000005', 2.4, 412800, 1]
====================:	20140325
====================:	20140326
====================:	20140327
====================:	20140328
====================:	20140331
====================:	20140401
====================:	20140402
====================:	20140403
====================:	20140404
['000005', 2.48, 412800L, -1]
====================:	20140408
====================:	20140409
====================:	20140410
====================:	20140411
====================:	20140414
====================:	20140415
====================:	20140416
====================:	20140417
====================:	20140418
====================:	20140421
====================:	20140422
====================:	20140423
====================:	20140424
====================:	20140425
====================:	20140428
====================:	20140429
====================:	20140430
====================:	20140505
====================:	20140506
====================:	20140507
====================:	20140508
====================:	20140509
====================:	20140512
====================:	20140513
['000005', 2.3, 444700, 1]
====================:	20140514
====================:	20140515
['000005', 2.29, 444700L, -1]
====================:	20140516
====================:	20140519
====================:	20140520
====================:	20140521
====================:	20140522
====================:	20140523
====================:	20140526
====================:	20140527
====================:	20140528
====================:	20140529
====================:	20140530
====================:	20140603
====================:	20140604
====================:	20140605
====================:	20140606
====================:	20140609
====================:	20140610
====================:	20140611
====================:	20140612
====================:	20140613
====================:	20140616
====================:	20140617
====================:	20140618
====================:	20140619
====================:	20140620
====================:	20140623
====================:	20140624
====================:	20140625
====================:	20140626
====================:	20140627
====================:	20140630
====================:	20140701
====================:	20140702
====================:	20140703
====================:	20140704
['000005', 2.36, 431000, 1]
====================:	20140707
====================:	20140708
====================:	20140709
====================:	20140710
['000005', 2.29, 431000L, -1]
====================:	20140711
====================:	20140714
====================:	20140715
====================:	20140716
====================:	20140717
====================:	20140718
====================:	20140721
['000005', 2.36, 417800, 1]
====================:	20140722
====================:	20140723
====================:	20140724
====================:	20140725
====================:	20140728
====================:	20140729
====================:	20140730
====================:	20140731
====================:	20140801
====================:	20140804
====================:	20140805
====================:	20140806
====================:	20140807
====================:	20140808
['000005', 2.54, 417800L, -1]
====================:	20140811
====================:	20140812
====================:	20140813
====================:	20140814
====================:	20140815
====================:	20140818
====================:	20140819
====================:	20140820
====================:	20140821
['000005', 2.63, 403100, 1]
====================:	20140822
====================:	20140825
====================:	20140826
['000005', 2.63, 403100L, -1]
====================:	20140827
['000005', 2.55, 415300, 1]
====================:	20140828
====================:	20140829
====================:	20140901
====================:	20140902
====================:	20140903
====================:	20140904
====================:	20140905
====================:	20140909
====================:	20140910
====================:	20140911
====================:	20140912
====================:	20140915
====================:	20140916
====================:	20140917
====================:	20140918
====================:	20140919
['000005', 3.9, 415300L, -1]
====================:	20140922
====================:	20140923
====================:	20140924
====================:	20140925
====================:	20140926
['000005', 4.4, 367700, 1]
====================:	20140929
['000005', 4.05, 367700L, -1]
====================:	20140930
====================:	20141008
====================:	20141009
====================:	20141010
====================:	20141013
====================:	20141014
====================:	20141015
['000005', 4.22, 352600, 1]
====================:	20141016
['000005', 4.12, 352600L, -1]
====================:	20141017
====================:	20141020
====================:	20141021
====================:	20141022
====================:	20141023
====================:	20141024
====================:	20141027
====================:	20141028
====================:	20141029
====================:	20141030
====================:	20141031
====================:	20141103
====================:	20141104
====================:	20141105
====================:	20141106
====================:	20141107
====================:	20141110
====================:	20141111
====================:	20141112
====================:	20141113
====================:	20141114
====================:	20141117
====================:	20141118
====================:	20141119
['000005', 3.8, 381900, 1]
====================:	20141120
====================:	20141121
====================:	20141124
====================:	20141125
['000005', 3.96, 381900L, -1]
====================:	20141126
====================:	20141127
====================:	20141128
====================:	20141201
====================:	20141202
====================:	20141203
====================:	20141204
====================:	20141205
====================:	20141208
====================:	20141209
====================:	20141210
====================:	20141211
====================:	20141212
['000005', 4.35, 347300, 1]
====================:	20141215
====================:	20141216
====================:	20141217
====================:	20141218
====================:	20141219
['000005', 4.12, 347300L, -1]
====================:	20141222
====================:	20141223
====================:	20141224
====================:	20141225
====================:	20141226
====================:	20141229
====================:	20141230
====================:	20141231
====================:	20150105
====================:	20150106
====================:	20150107
====================:	20150108
====================:	20150109
====================:	20150112
====================:	20150113
====================:	20150114
====================:	20150115
====================:	20150116
====================:	20150119
====================:	20150120
====================:	20150121
====================:	20150122
====================:	20150123
====================:	20150126
====================:	20150127
====================:	20150128
====================:	20150129
====================:	20150130
====================:	20150202
====================:	20150203
====================:	20150204
====================:	20150205
====================:	20150206
====================:	20150209
====================:	20150210
====================:	20150211
====================:	20150212
====================:	20150213
====================:	20150216
====================:	20150217
====================:	20150225
====================:	20150226
====================:	20150227
====================:	20150302
====================:	20150303
====================:	20150304
====================:	20150305
====================:	20150306
====================:	20150309
====================:	20150310
====================:	20150311
====================:	20150312
====================:	20150313
====================:	20150316
====================:	20150317
====================:	20150318
====================:	20150319
====================:	20150320
====================:	20150323
====================:	20150324
====================:	20150325
====================:	20150326
====================:	20150327
====================:	20150330
====================:	20150331
====================:	20150401
====================:	20150402
====================:	20150403
====================:	20150407
====================:	20150408
====================:	20150409
====================:	20150410
====================:	20150413
====================:	20150414
====================:	20150415
====================:	20150416
====================:	20150417
====================:	20150420
====================:	20150421
====================:	20150422
====================:	20150423
====================:	20150424
====================:	20150427
====================:	20150428
====================:	20150429
====================:	20150430
====================:	20150504
====================:	20150505
====================:	20150506
====================:	20150507
====================:	20150508
====================:	20150511
====================:	20150512
====================:	20150513
====================:	20150514
====================:	20150515
====================:	20150518
====================:	20150519
====================:	20150520
====================:	20150521
====================:	20150522
====================:	20150525
====================:	20150526
====================:	20150527
====================:	20150528
['000005', 15.2, 94000, 1]
====================:	20150529
['000005', 16.5, 86600, 1]
====================:	20150601
====================:	20150602
['000005', 14.86, 86600L, -1]
====================:	20150603
====================:	20150604
====================:	20150605
['000005', 14.45, 89000, 1]
====================:	20150608
====================:	20150609
['000005', 13.5, 89000L, -1]
====================:	20150610
====================:	20150611
['000005', 13.77, 87100, 1]
====================:	20150612
====================:	20150615
====================:	20150616
====================:	20150617
====================:	20150618
====================:	20150619
====================:	20150623
====================:	20150624
['000005', 10.98, 87100L, -1]
====================:	20150625
====================:	20150626
====================:	20150629
====================:	20150630
====================:	20150701
====================:	20150702
['000005', 8.1, 118000, 1]
====================:	20150703
['000005', 7.0, 118000L, -1]
====================:	20150706
['000005', 7.33, 118000L, -1]
====================:	20150707
====================:	20150708
====================:	20150709
====================:	20150710
====================:	20150713
====================:	20150714
====================:	20150715
====================:	20150716
====================:	20150717
====================:	20150720
====================:	20150721
====================:	20150722
====================:	20150723
====================:	20150724
====================:	20150727
====================:	20150728
====================:	20150729
['000005', 7.8, 118000L, -1]
====================:	20150730
====================:	20150731
['000005', 7.71, 119300, 1]
====================:	20150803
====================:	20150804
====================:	20150805
====================:	20150806
====================:	20150807
====================:	20150810
====================:	20150811
====================:	20150812
====================:	20150813
====================:	20150814
====================:	20150817
====================:	20150818
====================:	20150819
====================:	20150820
====================:	20150821
====================:	20150824
====================:	20150825
['000005', 6.26, 119300L, -1]
====================:	20150826
['000005', 6.39, 119300L, -1]
====================:	20150827
====================:	20150828
====================:	20150831
====================:	20150901
====================:	20150902
====================:	20150907
====================:	20150908
====================:	20150909
====================:	20150910
====================:	20150911
====================:	20150914
['000005', 7.34, 103800, 1]
====================:	20150915
====================:	20150916
['000005', 6.04, 103800L, -1]
====================:	20150917
====================:	20150918
====================:	20150921
====================:	20150922
====================:	20150923
====================:	20150924
====================:	20150925
====================:	20150928
====================:	20150929
====================:	20150930
====================:	20151008
====================:	20151009
====================:	20151012
====================:	20151013
['000005', 7.1, 88200, 1]
====================:	20151014
['000005', 8.56, 73100, 1]
====================:	20151015
['000005', 8.7, 71900, 1]
====================:	20151016
====================:	20151019
['000005', 10.77, 58100, 1]
====================:	20151020
====================:	20151021
====================:	20151022
====================:	20151023
====================:	20151026
====================:	20151027
['000005', 10.6, 58100L, -1]
====================:	20151028
====================:	20151029
['000005', 10.46, 58800, 1]
====================:	20151030
====================:	20151102
====================:	20151103
====================:	20151104
====================:	20151105
====================:	20151106
====================:	20151109
====================:	20151110
====================:	20151111
====================:	20151112
====================:	20151113
====================:	20151116
====================:	20151117
====================:	20151118
====================:	20151119
====================:	20151120
====================:	20151123
====================:	20151124
====================:	20151125
====================:	20151126
====================:	20151127
====================:	20151130
====================:	20151201
====================:	20151202
====================:	20151203
====================:	20151204
====================:	20151207
====================:	20151208
====================:	20151209
====================:	20151210
====================:	20151211
====================:	20151214
====================:	20151215
====================:	20151216
====================:	20151217
====================:	20151218
====================:	20151221
====================:	20151222
['000005', 10.42, 58800L, -1]
====================:	20151223
====================:	20151224
====================:	20151225
====================:	20151228
====================:	20151229
====================:	20151230
====================:	20151231
====================:	20160104
====================:	20160105
====================:	20160106
['000005', 8.92, 68700, 1]
====================:	20160107
====================:	20160108
====================:	20160111
====================:	20160112
====================:	20160113
====================:	20160114
====================:	20160115
====================:	20160118
====================:	20160119
====================:	20160120
====================:	20160121
====================:	20160122
====================:	20160125
====================:	20160126
====================:	20160127
====================:	20160128
====================:	20160129
====================:	20160201
====================:	20160202
====================:	20160203
====================:	20160204
====================:	20160205
====================:	20160215
====================:	20160216
====================:	20160217
====================:	20160218
====================:	20160219
['000005', 7.67, 68700L, -1]
====================:	20160222
====================:	20160223
====================:	20160224
====================:	20160225
====================:	20160226
['000005', 8.3, 63400, 1]
====================:	20160229
['000005', 7.53, 63400L, -1]
====================:	20160301
['000005', 7.05, 63400L, -1]
====================:	20160302
====================:	20160303
====================:	20160304
====================:	20160307
====================:	20160308
====================:	20160309
====================:	20160310
====================:	20160311
====================:	20160314
====================:	20160315
====================:	20160316
====================:	20160317
====================:	20160318
====================:	20160321
====================:	20160322
====================:	20160323
====================:	20160324
====================:	20160325
====================:	20160328
====================:	20160329
====================:	20160330
====================:	20160331
====================:	20160401
====================:	20160405
====================:	20160406
====================:	20160407
====================:	20160408
====================:	20160411
====================:	20160412
====================:	20160413
====================:	20160414
====================:	20160415
====================:	20160418
====================:	20160419
====================:	20160420
====================:	20160421
====================:	20160422
====================:	20160425
====================:	20160426
====================:	20160427
====================:	20160428
====================:	20160429
====================:	20160503
====================:	20160504
====================:	20160505
====================:	20160506
====================:	20160509
====================:	20160510
====================:	20160511
====================:	20160512
====================:	20160513
====================:	20160516
['000005', 6.95, 64200, 1]
====================:	20160517
====================:	20160518
====================:	20160519
====================:	20160520
====================:	20160523
====================:	20160524
====================:	20160525
====================:	20160526
====================:	20160527
====================:	20160530
====================:	20160531
====================:	20160601
====================:	20160602
====================:	20160603
====================:	20160606
====================:	20160607
====================:	20160608
====================:	20160613
====================:	20160614
====================:	20160615
====================:	20160616
====================:	20160617
====================:	20160620
====================:	20160621
====================:	20160622
====================:	20160623
====================:	20160624
====================:	20160627
====================:	20160628
====================:	20160629
====================:	20160630
====================:	20160701
====================:	20160704
====================:	20160705
====================:	20160706
====================:	20160707
====================:	20160708
====================:	20160711
====================:	20160712
====================:	20160713
====================:	20160714
====================:	20160715
====================:	20160718
====================:	20160719
====================:	20160720
====================:	20160721
====================:	20160722
====================:	20160725
====================:	20160726
====================:	20160727
====================:	20160728
====================:	20160729
====================:	20160801
====================:	20160802
['000005', 7.1, 64200L, -1]
====================:	20160803
====================:	20160804
====================:	20160805
====================:	20160808
====================:	20160809
====================:	20160810
====================:	20160811
====================:	20160812
====================:	20160815
====================:	20160816
====================:	20160817
====================:	20160818
====================:	20160819
====================:	20160822
====================:	20160823
====================:	20160824
====================:	20160825
====================:	20160826
====================:	20160829
====================:	20160830
====================:	20160831
====================:	20160901
====================:	20160902
====================:	20160905
====================:	20160906
====================:	20160907
====================:	20160908
====================:	20160909
====================:	20160912
====================:	20160913
====================:	20160914
====================:	20160919
====================:	20160920
====================:	20160921
====================:	20160922
====================:	20160923
====================:	20160926
====================:	20160927
====================:	20160928
====================:	20160929
====================:	20160930
====================:	20161010
====================:	20161011
====================:	20161012
====================:	20161013
====================:	20161014
====================:	20161017
====================:	20161018
====================:	20161019
====================:	20161020
====================:	20161021
====================:	20161024
====================:	20161025
====================:	20161026
====================:	20161027
====================:	20161028
====================:	20161031
====================:	20161101
====================:	20161102
====================:	20161103
====================:	20161104
====================:	20161107
====================:	20161108
====================:	20161109
====================:	20161110
====================:	20161111
====================:	20161114
====================:	20161115
====================:	20161116
====================:	20161117
====================:	20161118
====================:	20161121
====================:	20161122
====================:	20161123
====================:	20161124
====================:	20161125
====================:	20161128
['000005', 7.6, 59900, 1]
====================:	20161129
====================:	20161130
====================:	20161201
====================:	20161202
====================:	20161205
['000005', 7.16, 59900L, -1]
====================:	20161206
====================:	20161207
====================:	20161208
====================:	20161209
====================:	20161212
====================:	20161213
====================:	20161214
====================:	20161215
====================:	20161216
====================:	20161219
['000005', 6.92, 62000, 1]
====================:	20161220
====================:	20161221
====================:	20161222
====================:	20161223
====================:	20161226
====================:	20161227
====================:	20161228
====================:	20161229
====================:	20161230
